<?xml version="1.0" encoding="UTF-8"?>
<testsuite xmlns:xsi="http://www.w3.org/2001/XMLSchema-instance" xsi:noNamespaceSchemaLocation="https://maven.apache.org/surefire/maven-surefire-plugin/xsd/surefire-test-report-3.0.xsd" version="3.0" name="app.UnitTest" time="0.003" tests="1" errors="0" skipped="0" failures="0">
  <properties>
    <property name="sun.desktop" value="windows"/>
    <property name="awt.toolkit" value="sun.awt.windows.WToolkit"/>
    <property name="java.specification.version" value="11"/>
    <property name="sun.cpu.isalist" value="amd64"/>
    <property name="sun.jnu.encoding" value="Cp1252"/>
    <property name="java.class.path" value="C:\Dev\test-jooby-cli\poc-jooby-clevercloud\target\test-classes;C:\Dev\test-jooby-cli\poc-jooby-clevercloud\target\classes;C:\Users\Jean-FrançoisLeFoll\.m2\repository\io\jooby\jooby-utow\2.1.0\jooby-utow-2.1.0.jar;C:\Users\Jean-FrançoisLeFoll\.m2\repository\io\jooby\jooby\2.1.0\jooby-2.1.0.jar;C:\Users\Jean-FrançoisLeFoll\.m2\repository\com\google\code\findbugs\jsr305\3.0.2\jsr305-3.0.2.jar;C:\Users\Jean-FrançoisLeFoll\.m2\repository\javax\inject\javax.inject\1\javax.inject-1.jar;C:\Users\Jean-FrançoisLeFoll\.m2\repository\com\typesafe\config\1.3.4\config-1.3.4.jar;C:\Users\Jean-FrançoisLeFoll\.m2\repository\io\undertow\undertow-core\2.0.26.Final\undertow-core-2.0.26.Final.jar;C:\Users\Jean-FrançoisLeFoll\.m2\repository\org\jboss\logging\jboss-logging\3.4.0.Final\jboss-logging-3.4.0.Final.jar;C:\Users\Jean-FrançoisLeFoll\.m2\repository\org\jboss\xnio\xnio-api\3.3.8.Final\xnio-api-3.3.8.Final.jar;C:\Users\Jean-FrançoisLeFoll\.m2\repository\org\jboss\xnio\xnio-nio\3.3.8.Final\xnio-nio-3.3.8.Final.jar;C:\Users\Jean-FrançoisLeFoll\.m2\repository\ch\qos\logback\logback-classic\1.2.3\logback-classic-1.2.3.jar;C:\Users\Jean-FrançoisLeFoll\.m2\repository\ch\qos\logback\logback-core\1.2.3\logback-core-1.2.3.jar;C:\Users\Jean-FrançoisLeFoll\.m2\repository\org\slf4j\slf4j-api\1.7.28\slf4j-api-1.7.28.jar;C:\Users\Jean-FrançoisLeFoll\.m2\repository\org\junit\jupiter\junit-jupiter-api\5.5.1\junit-jupiter-api-5.5.1.jar;C:\Users\Jean-FrançoisLeFoll\.m2\repository\org\apiguardian\apiguardian-api\1.1.0\apiguardian-api-1.1.0.jar;C:\Users\Jean-FrançoisLeFoll\.m2\repository\org\opentest4j\opentest4j\1.2.0\opentest4j-1.2.0.jar;C:\Users\Jean-FrançoisLeFoll\.m2\repository\org\junit\platform\junit-platform-commons\1.5.1\junit-platform-commons-1.5.1.jar;C:\Users\Jean-FrançoisLeFoll\.m2\repository\org\junit\jupiter\junit-jupiter-engine\5.5.1\junit-jupiter-engine-5.5.1.jar;C:\Users\Jean-FrançoisLeFoll\.m2\repository\org\junit\platform\junit-platform-engine\1.5.1\junit-platform-engine-1.5.1.jar;C:\Users\Jean-FrançoisLeFoll\.m2\repository\io\jooby\jooby-test\2.1.0\jooby-test-2.1.0.jar;C:\Users\Jean-FrançoisLeFoll\.m2\repository\com\squareup\okhttp3\okhttp\4.1.0\okhttp-4.1.0.jar;C:\Users\Jean-FrançoisLeFoll\.m2\repository\com\squareup\okio\okio\2.2.2\okio-2.2.2.jar;C:\Users\Jean-FrançoisLeFoll\.m2\repository\org\jetbrains\kotlin\kotlin-stdlib\1.3.50\kotlin-stdlib-1.3.50.jar;C:\Users\Jean-FrançoisLeFoll\.m2\repository\org\jetbrains\kotlin\kotlin-stdlib-common\1.3.50\kotlin-stdlib-common-1.3.50.jar;C:\Users\Jean-FrançoisLeFoll\.m2\repository\org\jetbrains\annotations\13.0\annotations-13.0.jar;"/>
    <property name="java.vm.vendor" value="Oracle Corporation"/>
    <property name="sun.arch.data.model" value="64"/>
    <property name="user.variant" value=""/>
    <property name="java.vendor.url" value="http://java.oracle.com/"/>
    <property name="user.timezone" value="Europe/Paris"/>
    <property name="java.vm.specification.version" value="11"/>
    <property name="os.name" value="Windows 10"/>
    <property name="sun.java.launcher" value="SUN_STANDARD"/>
    <property name="user.country" value="FR"/>
    <property name="sun.boot.library.path" value="C:\Dev\Outils\scoop\apps\openjdk11\current\bin"/>
    <property name="sun.java.command" value="C:\Users\Jean-FrançoisLeFoll\AppData\Local\Temp\surefire5732845164065363551\surefirebooter11593193083277161214.jar C:\Users\Jean-FrançoisLeFoll\AppData\Local\Temp\surefire5732845164065363551 2019-09-27T07-42-51_472-jvmRun1 surefire11189206270110366888tmp surefire_015456028284459597790tmp"/>
    <property name="jdk.debug" value="release"/>
    <property name="surefire.test.class.path" value="C:\Dev\test-jooby-cli\poc-jooby-clevercloud\target\test-classes;C:\Dev\test-jooby-cli\poc-jooby-clevercloud\target\classes;C:\Users\Jean-FrançoisLeFoll\.m2\repository\io\jooby\jooby-utow\2.1.0\jooby-utow-2.1.0.jar;C:\Users\Jean-FrançoisLeFoll\.m2\repository\io\jooby\jooby\2.1.0\jooby-2.1.0.jar;C:\Users\Jean-FrançoisLeFoll\.m2\repository\com\google\code\findbugs\jsr305\3.0.2\jsr305-3.0.2.jar;C:\Users\Jean-FrançoisLeFoll\.m2\repository\javax\inject\javax.inject\1\javax.inject-1.jar;C:\Users\Jean-FrançoisLeFoll\.m2\repository\com\typesafe\config\1.3.4\config-1.3.4.jar;C:\Users\Jean-FrançoisLeFoll\.m2\repository\io\undertow\undertow-core\2.0.26.Final\undertow-core-2.0.26.Final.jar;C:\Users\Jean-FrançoisLeFoll\.m2\repository\org\jboss\logging\jboss-logging\3.4.0.Final\jboss-logging-3.4.0.Final.jar;C:\Users\Jean-FrançoisLeFoll\.m2\repository\org\jboss\xnio\xnio-api\3.3.8.Final\xnio-api-3.3.8.Final.jar;C:\Users\Jean-FrançoisLeFoll\.m2\repository\org\jboss\xnio\xnio-nio\3.3.8.Final\xnio-nio-3.3.8.Final.jar;C:\Users\Jean-FrançoisLeFoll\.m2\repository\ch\qos\logback\logback-classic\1.2.3\logback-classic-1.2.3.jar;C:\Users\Jean-FrançoisLeFoll\.m2\repository\ch\qos\logback\logback-core\1.2.3\logback-core-1.2.3.jar;C:\Users\Jean-FrançoisLeFoll\.m2\repository\org\slf4j\slf4j-api\1.7.28\slf4j-api-1.7.28.jar;C:\Users\Jean-FrançoisLeFoll\.m2\repository\org\junit\jupiter\junit-jupiter-api\5.5.1\junit-jupiter-api-5.5.1.jar;C:\Users\Jean-FrançoisLeFoll\.m2\repository\org\apiguardian\apiguardian-api\1.1.0\apiguardian-api-1.1.0.jar;C:\Users\Jean-FrançoisLeFoll\.m2\repository\org\opentest4j\opentest4j\1.2.0\opentest4j-1.2.0.jar;C:\Users\Jean-FrançoisLeFoll\.m2\repository\org\junit\platform\junit-platform-commons\1.5.1\junit-platform-commons-1.5.1.jar;C:\Users\Jean-FrançoisLeFoll\.m2\repository\org\junit\jupiter\junit-jupiter-engine\5.5.1\junit-jupiter-engine-5.5.1.jar;C:\Users\Jean-FrançoisLeFoll\.m2\repository\org\junit\platform\junit-platform-engine\1.5.1\junit-platform-engine-1.5.1.jar;C:\Users\Jean-FrançoisLeFoll\.m2\repository\io\jooby\jooby-test\2.1.0\jooby-test-2.1.0.jar;C:\Users\Jean-FrançoisLeFoll\.m2\repository\com\squareup\okhttp3\okhttp\4.1.0\okhttp-4.1.0.jar;C:\Users\Jean-FrançoisLeFoll\.m2\repository\com\squareup\okio\okio\2.2.2\okio-2.2.2.jar;C:\Users\Jean-FrançoisLeFoll\.m2\repository\org\jetbrains\kotlin\kotlin-stdlib\1.3.50\kotlin-stdlib-1.3.50.jar;C:\Users\Jean-FrançoisLeFoll\.m2\repository\org\jetbrains\kotlin\kotlin-stdlib-common\1.3.50\kotlin-stdlib-common-1.3.50.jar;C:\Users\Jean-FrançoisLeFoll\.m2\repository\org\jetbrains\annotations\13.0\annotations-13.0.jar;"/>
    <property name="sun.cpu.endian" value="little"/>
    <property name="user.home" value="C:\Users\Jean-FrançoisLeFoll"/>
    <property name="user.language" value="fr"/>
    <property name="java.specification.vendor" value="Oracle Corporation"/>
    <property name="java.version.date" value="2018-09-25"/>
    <property name="java.home" value="C:\Dev\Outils\scoop\apps\openjdk11\current"/>
    <property name="file.separator" value="\"/>
    <property name="basedir" value="C:\Dev\test-jooby-cli\poc-jooby-clevercloud"/>
    <property name="java.vm.compressedOopsMode" value="Zero based"/>
    <property name="line.separator" value="&#10;"/>
    <property name="java.specification.name" value="Java Platform API Specification"/>
    <property name="java.vm.specification.vendor" value="Oracle Corporation"/>
    <property name="java.awt.graphicsenv" value="sun.awt.Win32GraphicsEnvironment"/>
    <property name="surefire.real.class.path" value="C:\Users\Jean-FrançoisLeFoll\AppData\Local\Temp\surefire5732845164065363551\surefirebooter11593193083277161214.jar"/>
    <property name="user.script" value=""/>
    <property name="sun.management.compiler" value="HotSpot 64-Bit Tiered Compilers"/>
    <property name="java.runtime.version" value="11+28"/>
    <property name="user.name" value="Jean-FrançoisLeFoll"/>
    <property name="path.separator" value=";"/>
    <property name="os.version" value="10.0"/>
    <property name="java.runtime.name" value="OpenJDK Runtime Environment"/>
    <property name="file.encoding" value="Cp1252"/>
    <property name="java.vm.name" value="OpenJDK 64-Bit Server VM"/>
    <property name="java.vendor.version" value="18.9"/>
    <property name="localRepository" value="C:\Users\Jean-FrançoisLeFoll\.m2\repository"/>
    <property name="java.vendor.url.bug" value="http://bugreport.java.com/bugreport/"/>
    <property name="java.io.tmpdir" value="C:\Users\JEAN-F~1\AppData\Local\Temp\"/>
    <property name="java.version" value="11"/>
    <property name="user.dir" value="C:\Dev\test-jooby-cli\poc-jooby-clevercloud"/>
    <property name="os.arch" value="amd64"/>
    <property name="java.vm.specification.name" value="Java Virtual Machine Specification"/>
    <property name="java.awt.printerjob" value="sun.awt.windows.WPrinterJob"/>
    <property name="sun.os.patch.level" value=""/>
    <property name="java.library.path" value="C:\Dev\Outils\scoop\apps\openjdk11\current\bin;C:\WINDOWS\Sun\Java\bin;C:\WINDOWS\system32;C:\WINDOWS;C:\ProgramData\DockerDesktop\version-bin;C:\Program Files\Docker\Docker\Resources\bin;C:\Dev\Outils\Python34\;C:\Dev\Outils\Python34\Scripts;C:\Program Files (x86)\Intel\Intel(R) Management Engine Components\iCLS\;C:\Program Files\Intel\Intel(R) Management Engine Components\iCLS\;C:\Windows\system32;C:\Windows;C:\Windows\System32\Wbem;C:\Windows\System32\WindowsPowerShell\v1.0\;C:\Program Files (x86)\Intel\Intel(R) Management Engine Components\DAL;C:\Program Files\Intel\Intel(R) Management Engine Components\DAL;C:\Program Files (x86)\Intel\Intel(R) Management Engine Components\IPT;C:\Program Files\Intel\Intel(R) Management Engine Components\IPT;C:\Program Files (x86)\NVIDIA Corporation\PhysX\Common;C:\WINDOWS\system32;C:\WINDOWS;C:\WINDOWS\System32\Wbem;C:\WINDOWS\System32\WindowsPowerShell\v1.0\;C:\WINDOWS\System32\OpenSSH\;c:\progra~2\common~1\efi;C:\Program Files\Microsoft Windows Performance Toolkit\;C:\Program Files\dotnet\;C:\Program Files\Microsoft SQL Server\130\Tools\Binn\;C:\Program Files\Microsoft SQL Server\Client SDK\ODBC\170\Tools\Binn\;C:\Program Files\NVIDIA Corporation\NVIDIA NvDLISR;C:\Dev\Outils\scoop\apps\yarn\current\Yarn\bin;C:\Dev\Outils\scoop\apps\yarn\current\bin;C:\Dev\Outils\scoop\apps\maven\current\bin;C:\Users\Jean-Fran?oisLeFoll\go\bin;C:\Dev\Outils\scoop\apps\openjdk11\current\bin;C:\Dev\Outils\scoop\apps\oraclejdk-lts\current\bin;C:\Dev\Outils\scoop\apps\nvm\current\nodejs\nodejs;C:\Dev\Outils\scoop\apps\oraclejdk11\current\bin;C:\Dev\Outils\scoop\apps\oraclejdk10\current\bin;C:\Dev\Outils\Python364\Scripts\;C:\Dev\Outils\Python364\;C:\Users\Jean-Fran?oisLeFoll\AppData\Local\Programs\Python\Launcher\;C:\Dev\Outils\scoop\shims;C:\Users\Jean-Fran?oisLeFoll\AppData\Local\Microsoft\WindowsApps;C:\Dev\Outils\Microsoft VS Code\bin;C:\Users\Jean-Fran?oisLeFoll\AppData\Local\GitHubDesktop\bin;C:\Users\Jean-Fran?oisLeFoll\AppData\Local\hyper\app-2.0.0\resources\bin;C:\Users\Jean-FrançoisLeFoll\AppData\Local\Microsoft\WindowsApps;C:\Users\Jean-Fran?oisLeFoll\AppData\Local\hyper\app-2.0.0\resources\bin;C:\Users\Jean-Fran?oisLeFoll\AppData\Local\hyper\app-2.0.0\resources\bin;C:\Users\Jean-Fran?oisLeFoll\.dotnet\tools;C:\Users\Jean-Fran?oisLeFoll\AppData\Local\hyper\app-2.0.0\resources\bin;C:\Users\Jean-Fran?oisLeFoll\AppData\Local\hyper\app-2.0.0\resources\bin;C:\Users\Jean-Fran?oisLeFoll\AppData\Local\hyper\app-3.0.2\resources\bin;C:\Users\Jean-FrançoisLeFoll\AppData\Local\hyper\app-3.0.2\resources\bin;C:\Users\Jean-FrançoisLeFoll\AppData\Local\Keybase\;."/>
    <property name="java.vendor" value="Oracle Corporation"/>
    <property name="java.vm.info" value="mixed mode"/>
    <property name="java.vm.version" value="11+28"/>
    <property name="sun.io.unicode.encoding" value="UnicodeLittle"/>
    <property name="java.class.version" value="55.0"/>
  </properties>
  <testcase name="welcome" classname="app.UnitTest" time="0"/>
</testsuite>